  tinypro.cpp
d:\soft_projects\tinypro\tinypro\tinypro\tinypro.cpp(20): warning C4244: 'initializing': conversion from 'double' to 'float', possible loss of data
d:\soft_projects\tinypro\tinypro\tinypro\tinypro.cpp(21): warning C4244: 'initializing': conversion from 'double' to 'float', possible loss of data
d:\soft_projects\tinypro\tinypro\tinypro\tinypro.cpp(22): warning C4244: 'initializing': conversion from 'float' to 'int', possible loss of data
d:\soft_projects\tinypro\tinypro\tinypro\tinypro.cpp(24): warning C4244: '=': conversion from 'float' to 'int', possible loss of data
d:\soft_projects\tinypro\tinypro\tinypro\tinypro.cpp(26): warning C4267: '+=': conversion from 'size_t' to 'int', possible loss of data
d:\soft_projects\tinypro\tinypro\tinypro\tinypro.cpp(34): warning C4244: 'argument': conversion from 'float' to 'const size_t', possible loss of data
d:\soft_projects\tinypro\tinypro\tinypro\tinypro.cpp(40): warning C4305: '-=': truncation from 'double' to 'float'
d:\soft_projects\tinypro\tinypro\tinypro\tinypro.cpp(41): warning C4305: '+=': truncation from 'double' to 'float'
d:\soft_projects\tinypro\tinypro\tinypro\tinypro.cpp(45): warning C4244: 'initializing': conversion from 'float' to 'int', possible loss of data
d:\soft_projects\tinypro\tinypro\tinypro\tinypro.cpp(46): warning C4267: 'initializing': conversion from 'size_t' to 'int', possible loss of data
d:\soft_projects\tinypro\tinypro\tinypro\tinypro.cpp(75): warning C4305: '+=': truncation from 'double' to 'float'
d:\soft_projects\tinypro\tinypro\tinypro\tinypro.cpp(78): warning C4244: 'argument': conversion from 'float' to 'const size_t', possible loss of data
d:\soft_projects\tinypro\tinypro\tinypro\tinypro.cpp(80): warning C4244: 'argument': conversion from 'float' to 'const size_t', possible loss of data
d:\soft_projects\tinypro\tinypro\tinypro\tinypro.cpp(82): warning C4244: 'argument': conversion from 'float' to 'const size_t', possible loss of data
d:\soft_projects\tinypro\tinypro\tinypro\tinypro.cpp(85): warning C4244: 'initializing': conversion from 'float' to 'size_t', possible loss of data
d:\soft_projects\tinypro\tinypro\tinypro\tinypro.cpp(88): warning C4267: 'initializing': conversion from 'size_t' to 'int', possible loss of data
d:\soft_projects\tinypro\tinypro\tinypro\tinypro.cpp(90): warning C4267: 'initializing': conversion from 'size_t' to 'int', possible loss of data
d:\soft_projects\tinypro\tinypro\tinypro\tinypro.cpp(107): warning C4305: 'initializing': truncation from 'double' to 'float'
d:\soft_projects\tinypro\tinypro\tinypro\tinypro.cpp(115): warning C4305: 'initializing': truncation from 'double' to 'float'
  tinypro.vcxproj -> D:\soft_projects\tinypro\tinypro\x64\Debug\tinypro.exe
